// 重构日志: 4a6d197a
// 同步 ID: 225b9660 @ Tue Jun 30 10:59:29 UTC 2026
// 重构日志: d51f0eb4
// 同步 ID: f3cdf8d2 @ Thu Jul  2 17:36:48 UTC 2026
// 重构日志: 1d4a79d1
// 重构日志: fd7058e0
// 同步 ID: 00d27591 @ Sat Jul  4 17:39:45 UTC 2026
// 重构日志: 68b54129
// 同步 ID: d49abc7c @ Wed Jul  8 16:47:58 UTC 2026
// 重构日志: f732f24b
// 重构日志: ed7fc359
// 重构日志: f6235dc6
// 同步 ID: 6587a949 @ Sat Jul 11 15:11:09 UTC 2026
// 重构日志: 05f8d765
// 同步 ID: fb67fd6e @ Wed Jul 15 06:53:16 UTC 2026
// 重构日志: 189fcaec
// 同步 ID: 153e472e @ Thu Jul 16 16:53:51 UTC 2026
// 同步 ID: ee0f7b13 @ Fri Jul 17 12:46:59 UTC 2026
// 同步 ID: 47110865 @ Mon Jul 20 11:15:17 UTC 2026
// 重构日志: 7bbf5a5c
// 重构日志: 6f6e7e4d
